INFO:django.utils.autoreload:C:\Users\USER PC\PycharmProjects\loanManagementSystem\loanManagementSys\loanApp\views.py changed, reloading.
INFO:django.utils.autoreload:C:\Users\USER PC\PycharmProjects\loanManagementSystem\loanManagementSys\loanApp\views.py changed, reloading.
WARNING:django.request:Method Not Allowed (POST): /dashboard/
WARNING:django.request:Method Not Allowed: /dashboard/
WARNING:django.request:Method Not Allowed (POST): /dashboard/
WARNING:django.request:Method Not Allowed: /dashboard/
WARNING:django.request:Method Not Allowed (POST): /dashboard/
WARNING:django.request:Method Not Allowed: /dashboard/
WARNING:django.request:Method Not Allowed (POST): /dashboard/
WARNING:django.request:Method Not Allowed: /dashboard/
WARNING:django.request:Method Not Allowed (POST): /dashboard/
WARNING:django.request:Method Not Allowed: /dashboard/
WARNING:django.request:Method Not Allowed (GET): /logout/
WARNING:django.request:Method Not Allowed: /logout/
INFO:django.utils.autoreload:C:\Users\USER PC\PycharmProjects\loanManagementSystem\loanManagementSys\loanManagementSys\settings.py changed, reloading.
WARNING:django.request:Method Not Allowed (GET): /logout/
WARNING:django.request:Method Not Allowed: /logout/
WARNING:django.request:Method Not Allowed (GET): /logout/
WARNING:django.request:Method Not Allowed: /logout/
WARNING:django.request:Method Not Allowed (GET): /logout/
WARNING:django.request:Method Not Allowed: /logout/
WARNING:django.request:Method Not Allowed (GET): /logout/
WARNING:django.request:Method Not Allowed: /logout/
WARNING:django.request:Method Not Allowed (GET): /logout/
WARNING:django.request:Method Not Allowed: /logout/
WARNING:django.request:Method Not Allowed (GET): /logout/
WARNING:django.request:Method Not Allowed: /logout/
WARNING:django.request:Method Not Allowed (GET): /logout/
WARNING:django.request:Method Not Allowed: /logout/
WARNING:django.request:Method Not Allowed (GET): /logout/
WARNING:django.request:Method Not Allowed: /logout/
WARNING:django.request:Method Not Allowed (GET): /logout/
WARNING:django.request:Method Not Allowed: /logout/
WARNING:django.request:Method Not Allowed (GET): /logout/
WARNING:django.request:Method Not Allowed: /logout/
WARNING:django.request:Method Not Allowed (GET): /logout/
WARNING:django.request:Method Not Allowed: /logout/
WARNING:django.request:Method Not Allowed (GET): /logout/
WARNING:django.request:Method Not Allowed: /logout/
WARNING:django.request:Method Not Allowed (GET): /logout/
WARNING:django.request:Method Not Allowed: /logout/
WARNING:django.request:Not Found: /home
WARNING:django.request:Method Not Allowed (GET): /logout/
WARNING:django.request:Method Not Allowed: /logout/
WARNING:django.request:Method Not Allowed (GET): /logout/
WARNING:django.request:Method Not Allowed: /logout/
WARNING:django.request:Method Not Allowed (GET): /logout/
WARNING:django.request:Method Not Allowed: /logout/
WARNING:django.request:Method Not Allowed (GET): /logout/
WARNING:django.request:Method Not Allowed: /logout/
INFO:django.utils.autoreload:C:\Users\USER PC\PycharmProjects\loanManagementSystem\loanManagementSys\loanManagementSys\settings.py changed, reloading.
WARNING:django.request:Method Not Allowed (GET): /logout/
WARNING:django.request:Method Not Allowed: /logout/
INFO:django.utils.autoreload:C:\Users\USER PC\PycharmProjects\loanManagementSystem\loanManagementSys\loanManagementSys\settings.py changed, reloading.
WARNING:django.request:Method Not Allowed (GET): /logout/
WARNING:django.request:Method Not Allowed: /logout/
INFO:django.utils.autoreload:C:\Users\USER PC\PycharmProjects\loanManagementSystem\loanManagementSys\loanManagementSys\settings.py changed, reloading.
WARNING:django.request:Method Not Allowed (GET): /logout/
WARNING:django.request:Method Not Allowed: /logout/
WARNING:django.request:Method Not Allowed (GET): /logout/
WARNING:django.request:Method Not Allowed: /logout/
WARNING:django.request:Method Not Allowed (GET): /logout/
WARNING:django.request:Method Not Allowed: /logout/
INFO:django.utils.autoreload:C:\Users\USER PC\PycharmProjects\loanManagementSystem\loanManagementSys\loanApp\views.py changed, reloading.
INFO:django.utils.autoreload:C:\Users\USER PC\PycharmProjects\loanManagementSystem\loanManagementSys\loanApp\views.py changed, reloading.
INFO:django.utils.autoreload:C:\Users\USER PC\PycharmProjects\loanManagementSystem\loanManagementSys\loanApp\views.py changed, reloading.
INFO:django.utils.autoreload:C:\Users\USER PC\PycharmProjects\loanManagementSystem\loanManagementSys\loanApp\views.py changed, reloading.
INFO:django.utils.autoreload:C:\Users\USER PC\PycharmProjects\loanManagementSystem\loanManagementSys\loanApp\views.py changed, reloading.
INFO:django.utils.autoreload:C:\Users\USER PC\PycharmProjects\loanManagementSystem\loanManagementSys\loanApp\views.py changed, reloading.
INFO:django.utils.autoreload:C:\Users\USER PC\PycharmProjects\loanManagementSystem\loanManagementSys\loanApp\views.py changed, reloading.
INFO:django.utils.autoreload:C:\Users\USER PC\PycharmProjects\loanManagementSystem\loanManagementSys\loanApp\views.py changed, reloading.
INFO:django.utils.autoreload:C:\Users\USER PC\PycharmProjects\loanManagementSystem\loanManagementSys\loanApp\views.py changed, reloading.
INFO:django.utils.autoreload:C:\Users\USER PC\PycharmProjects\loanManagementSystem\loanManagementSys\loanManagementSys\settings.py changed, reloading.
INFO:django.utils.autoreload:C:\Users\USER PC\PycharmProjects\loanManagementSystem\loanManagementSys\loanManagementSys\settings.py changed, reloading.
INFO:django.utils.autoreload:C:\Users\USER PC\PycharmProjects\loanManagementSystem\loanManagementSys\loanApp\views.py changed, reloading.
INFO:django.utils.autoreload:C:\Users\USER PC\PycharmProjects\loanManagementSystem\loanManagementSys\loanApp\views.py changed, reloading.
WARNING:django.request:Method Not Allowed (GET): /logout/
WARNING:django.request:Method Not Allowed: /logout/
WARNING:django.request:Method Not Allowed (GET): /logout/
WARNING:django.request:Method Not Allowed: /logout/
WARNING:django.request:Method Not Allowed (GET): /logout/
WARNING:django.request:Method Not Allowed: /logout/
WARNING:django.request:Method Not Allowed (GET): /logout/
WARNING:django.request:Method Not Allowed: /logout/
WARNING:django.security.csrf:Forbidden (CSRF token from POST incorrect.): /logout/
WARNING:django.security.csrf:Forbidden (CSRF token from POST incorrect.): /logout/
WARNING:django.security.csrf:Forbidden (CSRF token from POST incorrect.): /logout/
INFO:django.utils.autoreload:C:\Users\USER PC\PycharmProjects\loanManagementSystem\loanManagementSys\loanApp\views.py changed, reloading.
INFO:django.utils.autoreload:C:\Users\USER PC\PycharmProjects\loanManagementSystem\loanManagementSys\loanApp\views.py changed, reloading.
WARNING:django.security.csrf:Forbidden (CSRF token from POST incorrect.): /login/
WARNING:django.security.csrf:Forbidden (CSRF token from POST incorrect.): /login/
INFO:django.utils.autoreload:C:\Users\USER PC\PycharmProjects\loanManagementSystem\loanManagementSys\loanApp\views.py changed, reloading.
INFO:django.utils.autoreload:C:\Users\USER PC\PycharmProjects\loanManagementSystem\loanManagementSys\loanApp\views.py changed, reloading.
WARNING:django.request:Method Not Allowed (POST): /dashboard/
WARNING:django.request:Method Not Allowed: /dashboard/
INFO:django.utils.autoreload:C:\Users\USER PC\PycharmProjects\loanManagementSystem\loanManagementSys\loanApp\views.py changed, reloading.
WARNING:django.request:Method Not Allowed (POST): /dashboard/
WARNING:django.request:Method Not Allowed: /dashboard/
INFO:django.utils.autoreload:C:\Users\USER PC\PycharmProjects\loanManagementSystem\loanManagementSys\loanApp\views.py changed, reloading.
WARNING:django.security.csrf:Forbidden (CSRF token from POST incorrect.): /logout/
INFO:django.utils.autoreload:C:\Users\USER PC\PycharmProjects\loanManagementSystem\loanManagementSys\loanApp\views.py changed, reloading.
INFO:django.utils.autoreload:C:\Users\USER PC\PycharmProjects\loanManagementSystem\loanManagementSys\loanApp\views.py changed, reloading.
INFO:django.utils.autoreload:C:\Users\USER PC\PycharmProjects\loanManagementSystem\loanManagementSys\loanApp\views.py changed, reloading.
INFO:django.utils.autoreload:C:\Users\USER PC\PycharmProjects\loanManagementSystem\loanManagementSys\loanApp\views.py changed, reloading.
INFO:django.utils.autoreload:C:\Users\USER PC\PycharmProjects\loanManagementSystem\loanManagementSys\loanApp\views.py changed, reloading.
INFO:django.utils.autoreload:C:\Users\USER PC\PycharmProjects\loanManagementSystem\loanManagementSys\loanApp\views.py changed, reloading.
WARNING:django.security.csrf:Forbidden (CSRF token from POST incorrect.): /logout/
ERROR:django.request:Internal Server Error: /signup/
Traceback (most recent call last):
  File "C:\Users\USER PC\PycharmProjects\loanManagementSystem\venv\lib\site-packages\django\core\handlers\exception.py", line 55, in inner
    response = get_response(request)
  File "C:\Users\USER PC\PycharmProjects\loanManagementSystem\venv\lib\site-packages\django\core\handlers\base.py", line 197, in _get_response
    response = wrapped_callback(request, *callback_args, **callback_kwargs)
  File "C:\Users\USER PC\PycharmProjects\loanManagementSystem\venv\lib\site-packages\django\views\generic\base.py", line 104, in view
    return self.dispatch(request, *args, **kwargs)
  File "C:\Users\USER PC\PycharmProjects\loanManagementSystem\venv\lib\site-packages\django\views\generic\base.py", line 143, in dispatch
    return handler(request, *args, **kwargs)
  File "C:\Users\USER PC\PycharmProjects\loanManagementSystem\loanManagementSys\loanApp\views.py", line 53, in post
    email2 = User.objects.get('email')
  File "C:\Users\USER PC\PycharmProjects\loanManagementSystem\venv\lib\site-packages\django\db\models\manager.py", line 87, in manager_method
    return getattr(self.get_queryset(), name)(*args, **kwargs)
  File "C:\Users\USER PC\PycharmProjects\loanManagementSystem\venv\lib\site-packages\django\db\models\query.py", line 635, in get
    clone = self._chain() if self.query.combinator else self.filter(*args, **kwargs)
  File "C:\Users\USER PC\PycharmProjects\loanManagementSystem\venv\lib\site-packages\django\db\models\query.py", line 1476, in filter
    return self._filter_or_exclude(False, args, kwargs)
  File "C:\Users\USER PC\PycharmProjects\loanManagementSystem\venv\lib\site-packages\django\db\models\query.py", line 1494, in _filter_or_exclude
    clone._filter_or_exclude_inplace(negate, args, kwargs)
  File "C:\Users\USER PC\PycharmProjects\loanManagementSystem\venv\lib\site-packages\django\db\models\query.py", line 1501, in _filter_or_exclude_inplace
    self._query.add_q(Q(*args, **kwargs))
  File "C:\Users\USER PC\PycharmProjects\loanManagementSystem\venv\lib\site-packages\django\db\models\sql\query.py", line 1613, in add_q
    clause, _ = self._add_q(q_object, self.used_aliases)
  File "C:\Users\USER PC\PycharmProjects\loanManagementSystem\venv\lib\site-packages\django\db\models\sql\query.py", line 1645, in _add_q
    child_clause, needed_inner = self.build_filter(
  File "C:\Users\USER PC\PycharmProjects\loanManagementSystem\venv\lib\site-packages\django\db\models\sql\query.py", line 1492, in build_filter
    arg, value = filter_expr
ValueError: too many values to unpack (expected 2)
INFO:django.utils.autoreload:C:\Users\USER PC\PycharmProjects\loanManagementSystem\loanManagementSys\loanApp\views.py changed, reloading.
INFO:django.utils.autoreload:C:\Users\USER PC\PycharmProjects\loanManagementSystem\loanManagementSys\loanApp\views.py changed, reloading.
INFO:django.utils.autoreload:C:\Users\USER PC\PycharmProjects\loanManagementSystem\loanManagementSys\loanApp\views.py changed, reloading.
INFO:django.utils.autoreload:C:\Users\USER PC\PycharmProjects\loanManagementSystem\loanManagementSys\loanApp\views.py changed, reloading.
WARNING:django.request:Method Not Allowed (POST): /dashboard/
WARNING:django.request:Method Not Allowed: /dashboard/
INFO:django.utils.autoreload:C:\Users\USER PC\PycharmProjects\loanManagementSystem\loanManagementSys\loanManagementSys\settings.py changed, reloading.
WARNING:django.request:Method Not Allowed (POST): /dashboard/
WARNING:django.request:Method Not Allowed: /dashboard/
WARNING:django.request:Method Not Allowed (POST): /dashboard/
WARNING:django.request:Method Not Allowed: /dashboard/
INFO:django.utils.autoreload:C:\Users\USER PC\PycharmProjects\loanManagementSystem\loanManagementSys\loanApp\sendpulse_service.py changed, reloading.
INFO:django.utils.autoreload:C:\Users\USER PC\PycharmProjects\loanManagementSystem\loanManagementSys\loanApp\sendpulse_service.py changed, reloading.
INFO:django.utils.autoreload:C:\Users\USER PC\PycharmProjects\loanManagementSystem\loanManagementSys\loanApp\sendpulse_service.py changed, reloading.
ERROR:root:Error sending email: [Errno 22] Invalid argument: 'C:\\Users\\USER PC\\PycharmProjects\\loanManagementSystem\\venv\\lib\\site-packages\\django\\contrib\\admin\\templates\\\n        <html>\n        <body>\n            <h2>Email Verification<\\h2>\n            <p>Hi,<\\p>\n            <p>Please verify your email by clicking the link below:<\\p>\n            <p><a href="3243">Verify your email<\\a><\\p>\n            <p>If you did not create an account, please ignore this email.<\\p>\n            <p>Best regards,<br>Your Company<\\p>\n        <\\body>\n        <\\html>\n'
ERROR:root:Error sending email: [Errno 22] Invalid argument: 'C:\\Users\\USER PC\\PycharmProjects\\loanManagementSystem\\venv\\lib\\site-packages\\django\\contrib\\admin\\templates\\\n        <html>\n        <body>\n            <h2>Email Verification<\\h2>\n            <p>Hi,<\\p>\n            <p>Please verify your email by clicking the link below:<\\p>\n            <p><a href="3243">Verify your email<\\a><\\p>\n            <p>If you did not create an account, please ignore this email.<\\p>\n            <p>Best regards,<br>Your Company<\\p>\n        <\\body>\n        <\\html>\n'
